app/build/outputs/logs/manifest-merger-debug-report.txt
-- Merging decision tree log ---
manifest
ADDED from src/main/AndroidManifest.xml:2:1-46:12
INJECTED from src/main/AndroidManifest.xml:2:1-46:12
INJECTED from src/main/AndroidManifest.xml:2:1-46:12
INJECTED from src/main/AndroidManifest.xml:2:1-46:12
MERGED from [com.android.support:design:23.4.0] AndroidManifest.xml:17:1-24:12
MERGED from [com.android.support:appcompat-v7:23.4.0] AndroidManifest.xml:17:1-27:12
MERGED from [com.android.support.constraint:constraint-layout:1.1.3] AndroidManifest.xml:2:1-11:12
MERGED from [com.android.support:animated-vector-drawable:23.4.0] AndroidManifest.xml:2:1-9:12
MERGED from [com.android.support:support-vector-drawable:23.4.0] AndroidManifest.xml:2:1-9:12
MERGED from [com.android.support:recyclerview-v7:23.4.0] AndroidManifest.xml:17:1-22:12
MERGED from [com.android.support:support-v4:23.4.0] AndroidManifest.xml:17:1-24:12
INJECTED from src/main/AndroidManifest.xml:2:1-46:12
INJECTED from src/main/AndroidManifest.xml:2:1-46:12
INJECTED from src/main/AndroidManifest.xml:2:1-46:12
	package
		ADDED from src/main/AndroidManifest.xml:3:5-49
		INJECTED from src/main/AndroidManifest.xml
		INJECTED from src/main/AndroidManifest.xml
	android:versionName
		INJECTED from src/main/AndroidManifest.xml
		ADDED from src/main/AndroidManifest.xml:2:1-46:12
		INJECTED from src/main/AndroidManifest.xml
	android:versionCode
		INJECTED from src/main/AndroidManifest.xml
		ADDED from src/main/AndroidManifest.xml:2:1-46:12
		INJECTED from src/main/AndroidManifest.xml
	xmlns:android
		ADDED from src/main/AndroidManifest.xml:2:11-69
uses-permission#android.permission.INTERNET
ADDED from src/main/AndroidManifest.xml:5:5-67
	android:name
		ADDED from src/main/AndroidManifest.xml:5:22-64
application
ADDED from src/main/AndroidManifest.xml:7:5-44:19
MERGED from [com.android.support:design:23.4.0] AndroidManifest.xml:22:5-20
MERGED from [com.android.support:design:23.4.0] AndroidManifest.xml:22:5-20
MERGED from [com.android.support:appcompat-v7:23.4.0] AndroidManifest.xml:25:5-20
MERGED from [com.android.support:appcompat-v7:23.4.0] AndroidManifest.xml:25:5-20
MERGED from [com.android.support.constraint:constraint-layout:1.1.3] AndroidManifest.xml:9:5-20
MERGED from [com.android.support.constraint:constraint-layout:1.1.3] AndroidManifest.xml:9:5-20
MERGED from [com.android.support:animated-vector-drawable:23.4.0] AndroidManifest.xml:7:5-20
MERGED from [com.android.support:animated-vector-drawable:23.4.0] AndroidManifest.xml:7:5-20
MERGED from [com.android.support:support-vector-drawable:23.4.0] AndroidManifest.xml:7:5-20
MERGED from [com.android.support:support-vector-drawable:23.4.0] AndroidManifest.xml:7:5-20
MERGED from [com.android.support:support-v4:23.4.0] AndroidManifest.xml:22:5-20
MERGED from [com.android.support:support-v4:23.4.0] AndroidManifest.xml:22:5-20
	android:supportsRtl
		ADDED from src/main/AndroidManifest.xml:12:9-35
	android:label
		ADDED from src/main/AndroidManifest.xml:11:9-41
	android:icon
		ADDED from src/main/AndroidManifest.xml:10:9-43
	android:allowBackup
		ADDED from src/main/AndroidManifest.xml:9:9-35
	android:theme
		ADDED from src/main/AndroidManifest.xml:13:9-40
	android:name
		ADDED from src/main/AndroidManifest.xml:8:9-31
activity#com.example.brunobarros.hifootball.MainActivity
ADDED from src/main/AndroidManifest.xml:14:9-18:20
	android:label
		ADDED from src/main/AndroidManifest.xml:16:13-45
	android:theme
		ADDED from src/main/AndroidManifest.xml:17:13-56
	android:name
		ADDED from src/main/AndroidManifest.xml:15:13-41
activity#com.example.brunobarros.hifootball.linha2
ADDED from src/main/AndroidManifest.xml:19:9-23:20
	android:label
		ADDED from src/main/AndroidManifest.xml:21:13-45
	android:theme
		ADDED from src/main/AndroidManifest.xml:22:13-56
	android:name
		ADDED from src/main/AndroidManifest.xml:20:13-35
activity#com.example.brunobarros.hifootball.Criar_Evento
ADDED from src/main/AndroidManifest.xml:24:9-86
	android:screenOrientation
		ADDED from src/main/AndroidManifest.xml:24:48-84
	android:name
		ADDED from src/main/AndroidManifest.xml:24:19-47
activity#com.example.brunobarros.hifootball.teste
ADDED from src/main/AndroidManifest.xml:25:9-28:59
	android:label
		ADDED from src/main/AndroidManifest.xml:27:13-57
	android:theme
		ADDED from src/main/AndroidManifest.xml:28:13-56
	android:name
		ADDED from src/main/AndroidManifest.xml:26:13-34
activity#com.example.brunobarros.hifootball.Alterar_IP
ADDED from src/main/AndroidManifest.xml:29:9-35:20
	android:screenOrientation
		ADDED from src/main/AndroidManifest.xml:29:46-82
	android:name
		ADDED from src/main/AndroidManifest.xml:29:19-45
intent-filter#action:name:android.intent.action.MAIN+category:name:android.intent.category.LAUNCHER
ADDED from src/main/AndroidManifest.xml:30:9-34:25
action#android.intent.action.MAIN
ADDED from src/main/AndroidManifest.xml:31:13-65
	android:name
		ADDED from src/main/AndroidManifest.xml:31:21-62
category#android.intent.category.LAUNCHER
ADDED from src/main/AndroidManifest.xml:33:13-73
	android:name
		ADDED from src/main/AndroidManifest.xml:33:23-70
activity#com.example.brunobarros.hifootball.Historico
ADDED from src/main/AndroidManifest.xml:36:9-83
	android:screenOrientation
		ADDED from src/main/AndroidManifest.xml:36:45-81
	android:name
		ADDED from src/main/AndroidManifest.xml:36:19-44
activity#com.example.brunobarros.hifootball.EquipadaCasa
ADDED from src/main/AndroidManifest.xml:37:9-50
	android:name
		ADDED from src/main/AndroidManifest.xml:37:19-47
activity#com.example.brunobarros.hifootball.EquipaVisitante
ADDED from src/main/AndroidManifest.xml:38:9-53
	android:name
		ADDED from src/main/AndroidManifest.xml:38:19-50
activity#com.example.brunobarros.hifootball.Anotar_Eventos
ADDED from src/main/AndroidManifest.xml:39:9-99
	android:screenOrientation
		ADDED from src/main/AndroidManifest.xml:39:50-87
	android:name
		ADDED from src/main/AndroidManifest.xml:39:19-49
activity#com.example.brunobarros.hifootball.Pop
ADDED from src/main/AndroidManifest.xml:40:9-114
	android:screenOrientation
		ADDED from src/main/AndroidManifest.xml:40:39-76
	android:theme
		ADDED from src/main/AndroidManifest.xml:40:77-112
	android:name
		ADDED from src/main/AndroidManifest.xml:40:19-38
activity#com.example.brunobarros.hifootball.Login
ADDED from src/main/AndroidManifest.xml:41:9-78
	android:theme
		ADDED from src/main/AndroidManifest.xml:41:41-76
	android:name
		ADDED from src/main/AndroidManifest.xml:41:19-40
activity#com.example.brunobarros.hifootball.Falta
ADDED from src/main/AndroidManifest.xml:42:9-78
	android:theme
		ADDED from src/main/AndroidManifest.xml:42:41-76
	android:name
		ADDED from src/main/AndroidManifest.xml:42:19-40
activity#com.example.brunobarros.hifootball.Pagina_Inicial
ADDED from src/main/AndroidManifest.xml:43:9-87
	android:theme
		ADDED from src/main/AndroidManifest.xml:43:50-85
	android:name
		ADDED from src/main/AndroidManifest.xml:43:19-49
uses-sdk
INJECTED from src/main/AndroidManifest.xml reason: use-sdk injection requested
INJECTED from src/main/AndroidManifest.xml
INJECTED from src/main/AndroidManifest.xml
MERGED from [com.android.support:design:23.4.0] AndroidManifest.xml:20:5-43
MERGED from [com.android.support:design:23.4.0] AndroidManifest.xml:20:5-43
MERGED from [com.android.support:appcompat-v7:23.4.0] AndroidManifest.xml:21:5-23:78
MERGED from [com.android.support:appcompat-v7:23.4.0] AndroidManifest.xml:21:5-23:78
MERGED from [com.android.support.constraint:constraint-layout:1.1.3] AndroidManifest.xml:5:5-7:41
MERGED from [com.android.support.constraint:constraint-layout:1.1.3] AndroidManifest.xml:5:5-7:41
MERGED from [com.android.support:animated-vector-drawable:23.4.0] AndroidManifest.xml:5:5-44
MERGED from [com.android.support:animated-vector-drawable:23.4.0] AndroidManifest.xml:5:5-44
MERGED from [com.android.support:support-vector-drawable:23.4.0] AndroidManifest.xml:5:5-43
MERGED from [com.android.support:support-vector-drawable:23.4.0] AndroidManifest.xml:5:5-43
MERGED from [com.android.support:recyclerview-v7:23.4.0] AndroidManifest.xml:20:5-43
MERGED from [com.android.support:recyclerview-v7:23.4.0] AndroidManifest.xml:20:5-43
MERGED from [com.android.support:support-v4:23.4.0] AndroidManifest.xml:20:5-43
MERGED from [com.android.support:support-v4:23.4.0] AndroidManifest.xml:20:5-43
INJECTED from src/main/AndroidManifest.xml
INJECTED from src/main/AndroidManifest.xml
	tools:overrideLibrary
		ADDED from [com.android.support:appcompat-v7:23.4.0] AndroidManifest.xml:23:9-75
	android:targetSdkVersion
		INJECTED from src/main/AndroidManifest.xml
		ADDED from src/main/AndroidManifest.xml
		INJECTED from src/main/AndroidManifest.xml
	android:minSdkVersion
		INJECTED from src/main/AndroidManifest.xml
		ADDED from src/main/AndroidManifest.xml
		INJECTED from src/main/AndroidManifest.xml